<?xml version="1.0" encoding="UTF-8"?>
<testsuite name="com.rocasspb.avaawaand.logic.RasterGeneratorTest" tests="5" skipped="0" failures="0" errors="0" timestamp="2026-05-10T18:33:36.243Z" hostname="DESKTOP-0RG3ICA" time="0.0">
  <properties/>
  <testcase name="testGenerateRasterReturnsNullForInvalidBounds[wasmJs, browser, ChromeHeadless148.0.0.0, Windows10]" classname="com.rocasspb.avaawaand.logic.RasterGeneratorTest" time="0.0"/>
  <testcase name="testGenerateRasterGeneratesWithCorrectColor[wasmJs, browser, ChromeHeadless148.0.0.0, Windows10]" classname="com.rocasspb.avaawaand.logic.RasterGeneratorTest" time="0.0"/>
  <testcase name="testGenerateRasterFiltersByElevation[wasmJs, browser, ChromeHeadless148.0.0.0, Windows10]" classname="com.rocasspb.avaawaand.logic.RasterGeneratorTest" time="0.0"/>
  <testcase name="testGenerateRasterAppliesAspectFiltering[wasmJs, browser, ChromeHeadless148.0.0.0, Windows10]" classname="com.rocasspb.avaawaand.logic.RasterGeneratorTest" time="0.0"/>
  <testcase name="testGenerateRasterAppliesSteepnessLogic[wasmJs, browser, ChromeHeadless148.0.0.0, Windows10]" classname="com.rocasspb.avaawaand.logic.RasterGeneratorTest" time="0.0"/>
  <system-out><![CDATA[]]></system-out>
  <system-err><![CDATA[]]></system-err>
</testsuite>
